<?xml version="1.0" encoding="UTF-8"?>
<coverage generated="1630475131274" clover="3.2.0">
  <project timestamp="1630475131274" name="All files">
    <metrics statements="23" coveredstatements="23" conditionals="8" coveredconditionals="8" methods="3" coveredmethods="3" elements="34" coveredelements="34" complexity="0" loc="23" ncloc="23" packages="1" files="1" classes="1"/>
    <file name="funcs.js" path="/mnt/c/Users/user/Desktop/Програмирование/Тестовые по Хекслет/frontend-project-lvl2/bin/funcs.js">
      <metrics statements="23" coveredstatements="23" conditionals="8" coveredconditionals="8" methods="3" coveredmethods="3"/>
      <line num="5" count="1" type="stmt"/>
      <line num="6" count="5" type="cond" truecount="2" falsecount="0"/>
      <line num="7" count="5" type="stmt"/>
      <line num="8" count="5" type="stmt"/>
      <line num="9" count="5" type="stmt"/>
      <line num="12" count="1" type="stmt"/>
      <line num="13" count="1" type="stmt"/>
      <line num="14" count="1" type="stmt"/>
      <line num="15" count="1" type="stmt"/>
      <line num="16" count="1" type="stmt"/>
      <line num="17" count="1" type="stmt"/>
      <line num="18" count="1" type="stmt"/>
      <line num="19" count="1" type="stmt"/>
      <line num="20" count="5" type="cond" truecount="2" falsecount="0"/>
      <line num="21" count="3" type="cond" truecount="2" falsecount="0"/>
      <line num="22" count="1" type="stmt"/>
      <line num="23" count="2" type="cond" truecount="2" falsecount="0"/>
      <line num="24" count="1" type="stmt"/>
      <line num="25" count="1" type="stmt"/>
      <line num="27" count="1" type="stmt"/>
      <line num="30" count="2" type="stmt"/>
      <line num="32" count="5" type="stmt"/>
      <line num="34" count="1" type="stmt"/>
    </file>
  </project>
</coverage>
