{"/mnt/c/Users/user/Desktop/Програмирование/Тестовые по Хекслет/frontend-project-lvl2/bin/funcs.js": {"path":"/mnt/c/Users/user/Desktop/Програмирование/Тестовые по Хекслет/frontend-project-lvl2/bin/funcs.js","statementMap":{"0":{"start":{"line":6,"column":34},"end":{"line":11,"column":1}},"1":{"start":{"line":7,"column":19},"end":{"line":7,"column":83}},"2":{"start":{"line":8,"column":15},"end":{"line":8,"column":53}},"3":{"start":{"line":9,"column":19},"end":{"line":9,"column":43}},"4":{"start":{"line":10,"column":2},"end":{"line":10,"column":18}},"5":{"start":{"line":13,"column":23},"end":{"line":48,"column":1}},"6":{"start":{"line":14,"column":16},"end":{"line":14,"column":34}},"7":{"start":{"line":15,"column":15},"end":{"line":15,"column":32}},"8":{"start":{"line":16,"column":24},"end":{"line":16,"column":26}},"9":{"start":{"line":17,"column":2},"end":{"line":46,"column":7}},"10":{"start":{"line":19,"column":6},"end":{"line":44,"column":7}},"11":{"start":{"line":20,"column":8},"end":{"line":37,"column":9}},"12":{"start":{"line":21,"column":10},"end":{"line":27,"column":11}},"13":{"start":{"line":22,"column":28},"end":{"line":22,"column":40}},"14":{"start":{"line":23,"column":12},"end":{"line":23,"column":78}},"15":{"start":{"line":25,"column":29},"end":{"line":25,"column":36}},"16":{"start":{"line":26,"column":12},"end":{"line":26,"column":58}},"17":{"start":{"line":28,"column":15},"end":{"line":37,"column":9}},"18":{"start":{"line":29,"column":26},"end":{"line":29,"column":38}},"19":{"start":{"line":30,"column":10},"end":{"line":30,"column":54}},"20":{"start":{"line":31,"column":15},"end":{"line":37,"column":9}},"21":{"start":{"line":32,"column":26},"end":{"line":32,"column":35}},"22":{"start":{"line":33,"column":10},"end":{"line":33,"column":67}},"23":{"start":{"line":35,"column":27},"end":{"line":35,"column":34}},"24":{"start":{"line":36,"column":10},"end":{"line":36,"column":56}},"25":{"start":{"line":38,"column":13},"end":{"line":44,"column":7}},"26":{"start":{"line":39,"column":24},"end":{"line":39,"column":33}},"27":{"start":{"line":40,"column":8},"end":{"line":40,"column":52}},"28":{"start":{"line":42,"column":25},"end":{"line":42,"column":34}},"29":{"start":{"line":43,"column":8},"end":{"line":43,"column":53}},"30":{"start":{"line":45,"column":6},"end":{"line":45,"column":27}},"31":{"start":{"line":47,"column":2},"end":{"line":47,"column":23}}},"fnMap":{"0":{"name":"(anonymous_0)","decl":{"start":{"line":6,"column":34},"end":{"line":6,"column":35}},"loc":{"start":{"line":6,"column":44},"end":{"line":11,"column":1}},"line":6},"1":{"name":"(anonymous_1)","decl":{"start":{"line":13,"column":23},"end":{"line":13,"column":24}},"loc":{"start":{"line":13,"column":40},"end":{"line":48,"column":1}},"line":13},"2":{"name":"(anonymous_2)","decl":{"start":{"line":18,"column":9},"end":{"line":18,"column":10}},"loc":{"start":{"line":18,"column":19},"end":{"line":46,"column":5}},"line":18}},"branchMap":{"0":{"loc":{"start":{"line":7,"column":19},"end":{"line":7,"column":83}},"type":"cond-expr","locations":[{"start":{"line":7,"column":43},"end":{"line":7,"column":47}},{"start":{"line":7,"column":50},"end":{"line":7,"column":83}}],"line":7},"1":{"loc":{"start":{"line":19,"column":6},"end":{"line":44,"column":7}},"type":"if","locations":[{"start":{"line":19,"column":6},"end":{"line":44,"column":7}},{"start":{"line":19,"column":6},"end":{"line":44,"column":7}}],"line":19},"2":{"loc":{"start":{"line":20,"column":8},"end":{"line":37,"column":9}},"type":"if","locations":[{"start":{"line":20,"column":8},"end":{"line":37,"column":9}},{"start":{"line":20,"column":8},"end":{"line":37,"column":9}}],"line":20},"3":{"loc":{"start":{"line":21,"column":10},"end":{"line":27,"column":11}},"type":"if","locations":[{"start":{"line":21,"column":10},"end":{"line":27,"column":11}},{"start":{"line":21,"column":10},"end":{"line":27,"column":11}}],"line":21},"4":{"loc":{"start":{"line":28,"column":15},"end":{"line":37,"column":9}},"type":"if","locations":[{"start":{"line":28,"column":15},"end":{"line":37,"column":9}},{"start":{"line":28,"column":15},"end":{"line":37,"column":9}}],"line":28},"5":{"loc":{"start":{"line":31,"column":15},"end":{"line":37,"column":9}},"type":"if","locations":[{"start":{"line":31,"column":15},"end":{"line":37,"column":9}},{"start":{"line":31,"column":15},"end":{"line":37,"column":9}}],"line":31},"6":{"loc":{"start":{"line":38,"column":13},"end":{"line":44,"column":7}},"type":"if","locations":[{"start":{"line":38,"column":13},"end":{"line":44,"column":7}},{"start":{"line":38,"column":13},"end":{"line":44,"column":7}}],"line":38}},"s":{"0":1,"1":5,"2":5,"3":3,"4":3,"5":1,"6":5,"7":5,"8":5,"9":5,"10":18,"11":16,"12":6,"13":4,"14":4,"15":2,"16":2,"17":10,"18":3,"19":3,"20":7,"21":4,"22":4,"23":3,"24":3,"25":2,"26":1,"27":1,"28":1,"29":1,"30":18,"31":5},"f":{"0":5,"1":5,"2":18},"b":{"0":[1,4],"1":[16,2],"2":[6,10],"3":[4,2],"4":[3,7],"5":[4,3],"6":[1,1]},"_coverageSchema":"1a1c01bbd47fc00a2c39e90264f33305004495a9","hash":"c6bfe255a0a6f6864050928dbec1ef75d7ce4b77"}
,"/mnt/c/Users/user/Desktop/Програмирование/Тестовые по Хекслет/frontend-project-lvl2/bin/parsers.js": {"path":"/mnt/c/Users/user/Desktop/Програмирование/Тестовые по Хекслет/frontend-project-lvl2/bin/parsers.js","statementMap":{"0":{"start":{"line":4,"column":17},"end":{"line":13,"column":1}},"1":{"start":{"line":5,"column":17},"end":{"line":5,"column":39}},"2":{"start":{"line":7,"column":2},"end":{"line":11,"column":3}},"3":{"start":{"line":8,"column":4},"end":{"line":8,"column":30}},"4":{"start":{"line":9,"column":9},"end":{"line":11,"column":3}},"5":{"start":{"line":10,"column":4},"end":{"line":10,"column":29}},"6":{"start":{"line":12,"column":2},"end":{"line":12,"column":16}}},"fnMap":{"0":{"name":"(anonymous_0)","decl":{"start":{"line":4,"column":17},"end":{"line":4,"column":18}},"loc":{"start":{"line":4,"column":37},"end":{"line":13,"column":1}},"line":4}},"branchMap":{"0":{"loc":{"start":{"line":7,"column":2},"end":{"line":11,"column":3}},"type":"if","locations":[{"start":{"line":7,"column":2},"end":{"line":11,"column":3}},{"start":{"line":7,"column":2},"end":{"line":11,"column":3}}],"line":7},"1":{"loc":{"start":{"line":9,"column":9},"end":{"line":11,"column":3}},"type":"if","locations":[{"start":{"line":9,"column":9},"end":{"line":11,"column":3}},{"start":{"line":9,"column":9},"end":{"line":11,"column":3}}],"line":9},"2":{"loc":{"start":{"line":9,"column":13},"end":{"line":9,"column":52}},"type":"binary-expr","locations":[{"start":{"line":9,"column":13},"end":{"line":9,"column":30}},{"start":{"line":9,"column":34},"end":{"line":9,"column":52}}],"line":9}},"s":{"0":1,"1":7,"2":7,"3":6,"4":1,"5":1,"6":7},"f":{"0":7},"b":{"0":[6,1],"1":[1,0],"2":[1,0]},"_coverageSchema":"1a1c01bbd47fc00a2c39e90264f33305004495a9","hash":"0bec12517a9de11998556de16a213a02a35cc0f8"}
,"/mnt/c/Users/user/Desktop/Програмирование/Тестовые по Хекслет/frontend-project-lvl2/formatters/plain.js": {"path":"/mnt/c/Users/user/Desktop/Програмирование/Тестовые по Хекслет/frontend-project-lvl2/formatters/plain.js","statementMap":{"0":{"start":{"line":1,"column":22},"end":{"line":13,"column":1}},"1":{"start":{"line":3,"column":2},"end":{"line":11,"column":3}},"2":{"start":{"line":4,"column":4},"end":{"line":4,"column":18}},"3":{"start":{"line":5,"column":9},"end":{"line":11,"column":3}},"4":{"start":{"line":6,"column":4},"end":{"line":6,"column":31}},"5":{"start":{"line":7,"column":9},"end":{"line":11,"column":3}},"6":{"start":{"line":8,"column":4},"end":{"line":8,"column":26}},"7":{"start":{"line":10,"column":4},"end":{"line":10,"column":19}},"8":{"start":{"line":12,"column":2},"end":{"line":12,"column":16}},"9":{"start":{"line":15,"column":14},"end":{"line":54,"column":1}},"10":{"start":{"line":17,"column":14},"end":{"line":17,"column":16}},"11":{"start":{"line":18,"column":15},"end":{"line":51,"column":3}},"12":{"start":{"line":19,"column":18},"end":{"line":46,"column":8}},"13":{"start":{"line":22,"column":27},"end":{"line":22,"column":36}},"14":{"start":{"line":23,"column":8},"end":{"line":29,"column":9}},"15":{"start":{"line":24,"column":22},"end":{"line":24,"column":45}},"16":{"start":{"line":25,"column":10},"end":{"line":28,"column":11}},"17":{"start":{"line":26,"column":12},"end":{"line":26,"column":42}},"18":{"start":{"line":27,"column":12},"end":{"line":27,"column":41}},"19":{"start":{"line":30,"column":28},"end":{"line":30,"column":65}},"20":{"start":{"line":31,"column":8},"end":{"line":44,"column":9}},"21":{"start":{"line":32,"column":10},"end":{"line":32,"column":110}},"22":{"start":{"line":33,"column":15},"end":{"line":44,"column":9}},"23":{"start":{"line":34,"column":10},"end":{"line":34,"column":75}},"24":{"start":{"line":35,"column":15},"end":{"line":44,"column":9}},"25":{"start":{"line":36,"column":10},"end":{"line":36,"column":134}},"26":{"start":{"line":37,"column":15},"end":{"line":44,"column":9}},"27":{"start":{"line":38,"column":10},"end":{"line":43,"column":11}},"28":{"start":{"line":39,"column":12},"end":{"line":39,"column":78}},"29":{"start":{"line":40,"column":12},"end":{"line":40,"column":47}},"30":{"start":{"line":42,"column":12},"end":{"line":42,"column":47}},"31":{"start":{"line":45,"column":8},"end":{"line":45,"column":19}},"32":{"start":{"line":48,"column":4},"end":{"line":50,"column":17}},"33":{"start":{"line":53,"column":2},"end":{"line":53,"column":21}}},"fnMap":{"0":{"name":"(anonymous_0)","decl":{"start":{"line":1,"column":22},"end":{"line":1,"column":23}},"loc":{"start":{"line":1,"column":33},"end":{"line":13,"column":1}},"line":1},"1":{"name":"(anonymous_1)","decl":{"start":{"line":15,"column":14},"end":{"line":15,"column":15}},"loc":{"start":{"line":15,"column":25},"end":{"line":54,"column":1}},"line":15},"2":{"name":"(anonymous_2)","decl":{"start":{"line":18,"column":15},"end":{"line":18,"column":16}},"loc":{"start":{"line":18,"column":60},"end":{"line":51,"column":3}},"line":18},"3":{"name":"(anonymous_3)","decl":{"start":{"line":21,"column":11},"end":{"line":21,"column":12}},"loc":{"start":{"line":21,"column":27},"end":{"line":46,"column":7}},"line":21}},"branchMap":{"0":{"loc":{"start":{"line":3,"column":2},"end":{"line":11,"column":3}},"type":"if","locations":[{"start":{"line":3,"column":2},"end":{"line":11,"column":3}},{"start":{"line":3,"column":2},"end":{"line":11,"column":3}}],"line":3},"1":{"loc":{"start":{"line":5,"column":9},"end":{"line":11,"column":3}},"type":"if","locations":[{"start":{"line":5,"column":9},"end":{"line":11,"column":3}},{"start":{"line":5,"column":9},"end":{"line":11,"column":3}}],"line":5},"2":{"loc":{"start":{"line":7,"column":9},"end":{"line":11,"column":3}},"type":"if","locations":[{"start":{"line":7,"column":9},"end":{"line":11,"column":3}},{"start":{"line":7,"column":9},"end":{"line":11,"column":3}}],"line":7},"3":{"loc":{"start":{"line":18,"column":30},"end":{"line":18,"column":44}},"type":"default-arg","locations":[{"start":{"line":18,"column":42},"end":{"line":18,"column":44}}],"line":18},"4":{"loc":{"start":{"line":18,"column":46},"end":{"line":18,"column":55}},"type":"default-arg","locations":[{"start":{"line":18,"column":54},"end":{"line":18,"column":55}}],"line":18},"5":{"loc":{"start":{"line":23,"column":8},"end":{"line":29,"column":9}},"type":"if","locations":[{"start":{"line":23,"column":8},"end":{"line":29,"column":9}},{"start":{"line":23,"column":8},"end":{"line":29,"column":9}}],"line":23},"6":{"loc":{"start":{"line":25,"column":10},"end":{"line":28,"column":11}},"type":"if","locations":[{"start":{"line":25,"column":10},"end":{"line":28,"column":11}},{"start":{"line":25,"column":10},"end":{"line":28,"column":11}}],"line":25},"7":{"loc":{"start":{"line":30,"column":28},"end":{"line":30,"column":65}},"type":"cond-expr","locations":[{"start":{"line":30,"column":50},"end":{"line":30,"column":53}},{"start":{"line":30,"column":56},"end":{"line":30,"column":65}}],"line":30},"8":{"loc":{"start":{"line":31,"column":8},"end":{"line":44,"column":9}},"type":"if","locations":[{"start":{"line":31,"column":8},"end":{"line":44,"column":9}},{"start":{"line":31,"column":8},"end":{"line":44,"column":9}}],"line":31},"9":{"loc":{"start":{"line":33,"column":15},"end":{"line":44,"column":9}},"type":"if","locations":[{"start":{"line":33,"column":15},"end":{"line":44,"column":9}},{"start":{"line":33,"column":15},"end":{"line":44,"column":9}}],"line":33},"10":{"loc":{"start":{"line":35,"column":15},"end":{"line":44,"column":9}},"type":"if","locations":[{"start":{"line":35,"column":15},"end":{"line":44,"column":9}},{"start":{"line":35,"column":15},"end":{"line":44,"column":9}}],"line":35},"11":{"loc":{"start":{"line":37,"column":15},"end":{"line":44,"column":9}},"type":"if","locations":[{"start":{"line":37,"column":15},"end":{"line":44,"column":9}},{"start":{"line":37,"column":15},"end":{"line":44,"column":9}}],"line":37},"12":{"loc":{"start":{"line":38,"column":10},"end":{"line":43,"column":11}},"type":"if","locations":[{"start":{"line":38,"column":10},"end":{"line":43,"column":11}},{"start":{"line":38,"column":10},"end":{"line":43,"column":11}}],"line":38},"13":{"loc":{"start":{"line":39,"column":24},"end":{"line":39,"column":77}},"type":"cond-expr","locations":[{"start":{"line":39,"column":46},"end":{"line":39,"column":49}},{"start":{"line":39,"column":52},"end":{"line":39,"column":77}}],"line":39}},"s":{"0":1,"1":13,"2":1,"3":12,"4":3,"5":9,"6":7,"7":2,"8":13,"9":1,"10":1,"11":1,"12":8,"13":33,"14":33,"15":29,"16":29,"17":10,"18":10,"19":33,"20":33,"21":5,"22":28,"23":2,"24":26,"25":4,"26":22,"27":7,"28":4,"29":4,"30":3,"31":33,"32":8,"33":1},"f":{"0":13,"1":1,"2":8,"3":33},"b":{"0":[1,12],"1":[3,9],"2":[7,2],"3":[1],"4":[1],"5":[29,4],"6":[10,19],"7":[14,19],"8":[5,28],"9":[2,26],"10":[4,22],"11":[7,15],"12":[4,3],"13":[2,2]},"_coverageSchema":"1a1c01bbd47fc00a2c39e90264f33305004495a9","hash":"1bbccdb1fde1a0bd4fa082d736ae2beeaa9a2a1c"}
}
