{"/mnt/c/Users/user/Desktop/Програмирование/Тестовые по Хекслет/frontend-project-lvl2/bin/funcs.js": {"path":"/mnt/c/Users/user/Desktop/Програмирование/Тестовые по Хекслет/frontend-project-lvl2/bin/funcs.js","statementMap":{"0":{"start":{"line":6,"column":34},"end":{"line":11,"column":1}},"1":{"start":{"line":7,"column":19},"end":{"line":7,"column":83}},"2":{"start":{"line":8,"column":15},"end":{"line":8,"column":53}},"3":{"start":{"line":9,"column":19},"end":{"line":9,"column":43}},"4":{"start":{"line":10,"column":2},"end":{"line":10,"column":18}},"5":{"start":{"line":13,"column":23},"end":{"line":51,"column":1}},"6":{"start":{"line":14,"column":16},"end":{"line":14,"column":34}},"7":{"start":{"line":15,"column":15},"end":{"line":15,"column":32}},"8":{"start":{"line":16,"column":24},"end":{"line":16,"column":26}},"9":{"start":{"line":17,"column":20},"end":{"line":49,"column":4}},"10":{"start":{"line":19,"column":6},"end":{"line":48,"column":7}},"11":{"start":{"line":20,"column":8},"end":{"line":39,"column":9}},"12":{"start":{"line":21,"column":10},"end":{"line":27,"column":11}},"13":{"start":{"line":22,"column":28},"end":{"line":22,"column":40}},"14":{"start":{"line":23,"column":12},"end":{"line":23,"column":80}},"15":{"start":{"line":25,"column":29},"end":{"line":25,"column":36}},"16":{"start":{"line":26,"column":12},"end":{"line":26,"column":60}},"17":{"start":{"line":29,"column":10},"end":{"line":38,"column":11}},"18":{"start":{"line":30,"column":28},"end":{"line":30,"column":40}},"19":{"start":{"line":31,"column":12},"end":{"line":31,"column":57}},"20":{"start":{"line":32,"column":17},"end":{"line":38,"column":11}},"21":{"start":{"line":33,"column":28},"end":{"line":33,"column":37}},"22":{"start":{"line":34,"column":12},"end":{"line":34,"column":69}},"23":{"start":{"line":36,"column":29},"end":{"line":36,"column":36}},"24":{"start":{"line":37,"column":12},"end":{"line":37,"column":58}},"25":{"start":{"line":41,"column":8},"end":{"line":47,"column":9}},"26":{"start":{"line":42,"column":26},"end":{"line":42,"column":35}},"27":{"start":{"line":43,"column":10},"end":{"line":43,"column":54}},"28":{"start":{"line":45,"column":27},"end":{"line":45,"column":36}},"29":{"start":{"line":46,"column":10},"end":{"line":46,"column":55}},"30":{"start":{"line":50,"column":2},"end":{"line":50,"column":23}}},"fnMap":{"0":{"name":"(anonymous_0)","decl":{"start":{"line":6,"column":34},"end":{"line":6,"column":35}},"loc":{"start":{"line":6,"column":44},"end":{"line":11,"column":1}},"line":6},"1":{"name":"(anonymous_1)","decl":{"start":{"line":13,"column":23},"end":{"line":13,"column":24}},"loc":{"start":{"line":13,"column":40},"end":{"line":51,"column":1}},"line":13},"2":{"name":"(anonymous_2)","decl":{"start":{"line":18,"column":9},"end":{"line":18,"column":10}},"loc":{"start":{"line":18,"column":19},"end":{"line":49,"column":3}},"line":18}},"branchMap":{"0":{"loc":{"start":{"line":7,"column":19},"end":{"line":7,"column":83}},"type":"cond-expr","locations":[{"start":{"line":7,"column":43},"end":{"line":7,"column":47}},{"start":{"line":7,"column":50},"end":{"line":7,"column":83}}],"line":7},"1":{"loc":{"start":{"line":19,"column":6},"end":{"line":48,"column":7}},"type":"if","locations":[{"start":{"line":19,"column":6},"end":{"line":48,"column":7}},{"start":{"line":19,"column":6},"end":{"line":48,"column":7}}],"line":19},"2":{"loc":{"start":{"line":20,"column":8},"end":{"line":39,"column":9}},"type":"if","locations":[{"start":{"line":20,"column":8},"end":{"line":39,"column":9}},{"start":{"line":20,"column":8},"end":{"line":39,"column":9}}],"line":20},"3":{"loc":{"start":{"line":21,"column":10},"end":{"line":27,"column":11}},"type":"if","locations":[{"start":{"line":21,"column":10},"end":{"line":27,"column":11}},{"start":{"line":21,"column":10},"end":{"line":27,"column":11}}],"line":21},"4":{"loc":{"start":{"line":29,"column":10},"end":{"line":38,"column":11}},"type":"if","locations":[{"start":{"line":29,"column":10},"end":{"line":38,"column":11}},{"start":{"line":29,"column":10},"end":{"line":38,"column":11}}],"line":29},"5":{"loc":{"start":{"line":32,"column":17},"end":{"line":38,"column":11}},"type":"if","locations":[{"start":{"line":32,"column":17},"end":{"line":38,"column":11}},{"start":{"line":32,"column":17},"end":{"line":38,"column":11}}],"line":32},"6":{"loc":{"start":{"line":41,"column":8},"end":{"line":47,"column":9}},"type":"if","locations":[{"start":{"line":41,"column":8},"end":{"line":47,"column":9}},{"start":{"line":41,"column":8},"end":{"line":47,"column":9}}],"line":41}},"s":{"0":1,"1":5,"2":5,"3":3,"4":3,"5":1,"6":5,"7":5,"8":5,"9":5,"10":18,"11":16,"12":6,"13":4,"14":4,"15":2,"16":2,"17":10,"18":3,"19":3,"20":7,"21":4,"22":4,"23":3,"24":3,"25":2,"26":1,"27":1,"28":1,"29":1,"30":5},"f":{"0":5,"1":5,"2":18},"b":{"0":[1,4],"1":[16,2],"2":[6,10],"3":[4,2],"4":[3,7],"5":[4,3],"6":[1,1]},"_coverageSchema":"1a1c01bbd47fc00a2c39e90264f33305004495a9","hash":"5349d9d2c1cca68078226094d930f648d7a2eaba"}
,"/mnt/c/Users/user/Desktop/Програмирование/Тестовые по Хекслет/frontend-project-lvl2/bin/parsers.js": {"path":"/mnt/c/Users/user/Desktop/Програмирование/Тестовые по Хекслет/frontend-project-lvl2/bin/parsers.js","statementMap":{"0":{"start":{"line":4,"column":17},"end":{"line":13,"column":1}},"1":{"start":{"line":5,"column":17},"end":{"line":5,"column":39}},"2":{"start":{"line":7,"column":2},"end":{"line":11,"column":3}},"3":{"start":{"line":8,"column":4},"end":{"line":8,"column":30}},"4":{"start":{"line":9,"column":9},"end":{"line":11,"column":3}},"5":{"start":{"line":10,"column":4},"end":{"line":10,"column":29}},"6":{"start":{"line":12,"column":2},"end":{"line":12,"column":16}}},"fnMap":{"0":{"name":"(anonymous_0)","decl":{"start":{"line":4,"column":17},"end":{"line":4,"column":18}},"loc":{"start":{"line":4,"column":37},"end":{"line":13,"column":1}},"line":4}},"branchMap":{"0":{"loc":{"start":{"line":7,"column":2},"end":{"line":11,"column":3}},"type":"if","locations":[{"start":{"line":7,"column":2},"end":{"line":11,"column":3}},{"start":{"line":7,"column":2},"end":{"line":11,"column":3}}],"line":7},"1":{"loc":{"start":{"line":9,"column":9},"end":{"line":11,"column":3}},"type":"if","locations":[{"start":{"line":9,"column":9},"end":{"line":11,"column":3}},{"start":{"line":9,"column":9},"end":{"line":11,"column":3}}],"line":9},"2":{"loc":{"start":{"line":9,"column":13},"end":{"line":9,"column":52}},"type":"binary-expr","locations":[{"start":{"line":9,"column":13},"end":{"line":9,"column":30}},{"start":{"line":9,"column":34},"end":{"line":9,"column":52}}],"line":9}},"s":{"0":1,"1":7,"2":7,"3":6,"4":1,"5":1,"6":7},"f":{"0":7},"b":{"0":[6,1],"1":[1,0],"2":[1,0]},"_coverageSchema":"1a1c01bbd47fc00a2c39e90264f33305004495a9","hash":"0bec12517a9de11998556de16a213a02a35cc0f8"}
}
