TN:
SF:bin/funcs.js
FN:6,(anonymous_0)
FN:13,(anonymous_1)
FN:19,(anonymous_2)
FNF:3
FNH:3
FNDA:5,(anonymous_0)
FNDA:1,(anonymous_1)
FNDA:10,(anonymous_2)
DA:6,1
DA:7,5
DA:8,5
DA:9,3
DA:10,3
DA:13,1
DA:14,1
DA:15,1
DA:16,1
DA:17,1
DA:18,1
DA:20,10
DA:21,10
DA:22,0
DA:23,0
DA:25,0
DA:27,10
DA:28,9
DA:29,1
DA:30,1
DA:32,0
DA:34,0
DA:35,0
DA:37,0
DA:39,10
DA:41,1
LF:26
LH:19
BRDA:7,0,0,1
BRDA:7,0,1,4
BRDA:20,1,0,10
BRDA:20,1,1,0
BRDA:21,2,0,0
BRDA:21,2,1,10
BRDA:22,3,0,0
BRDA:22,3,1,0
BRDA:27,4,0,9
BRDA:27,4,1,1
BRDA:29,5,0,1
BRDA:29,5,1,0
BRDA:34,6,0,0
BRDA:34,6,1,0
BRF:14
BRH:7
end_of_record
TN:
SF:bin/parsers.js
FN:4,(anonymous_0)
FNF:1
FNH:1
FNDA:5,(anonymous_0)
DA:4,1
DA:5,5
DA:7,5
DA:8,4
DA:9,1
DA:10,1
DA:12,5
LF:7
LH:7
BRDA:7,0,0,4
BRDA:7,0,1,1
BRDA:9,1,0,1
BRDA:9,1,1,0
BRDA:9,2,0,1
BRDA:9,2,1,0
BRF:6
BRH:4
end_of_record
