TN:
SF:bin/funcs.js
FN:6,(anonymous_0)
FN:13,(anonymous_1)
FN:19,(anonymous_2)
FNF:3
FNH:3
FNDA:5,(anonymous_0)
FNDA:5,(anonymous_1)
FNDA:18,(anonymous_2)
DA:6,1
DA:7,5
DA:8,5
DA:9,3
DA:10,3
DA:13,1
DA:14,5
DA:15,5
DA:16,5
DA:17,5
DA:18,5
DA:20,18
DA:21,16
DA:22,6
DA:23,4
DA:25,2
DA:27,10
DA:28,3
DA:29,7
DA:30,4
DA:32,3
DA:34,2
DA:35,1
DA:37,1
DA:39,18
DA:41,5
LF:26
LH:26
BRDA:7,0,0,1
BRDA:7,0,1,4
BRDA:20,1,0,16
BRDA:20,1,1,2
BRDA:21,2,0,6
BRDA:21,2,1,10
BRDA:22,3,0,4
BRDA:22,3,1,2
BRDA:27,4,0,3
BRDA:27,4,1,7
BRDA:29,5,0,4
BRDA:29,5,1,3
BRDA:34,6,0,1
BRDA:34,6,1,1
BRF:14
BRH:14
end_of_record
TN:
SF:bin/parsers.js
FN:4,(anonymous_0)
FNF:1
FNH:1
FNDA:7,(anonymous_0)
DA:4,1
DA:5,7
DA:7,7
DA:8,6
DA:9,1
DA:10,1
DA:12,7
LF:7
LH:7
BRDA:7,0,0,6
BRDA:7,0,1,1
BRDA:9,1,0,1
BRDA:9,1,1,0
BRDA:9,2,0,1
BRDA:9,2,1,0
BRF:6
BRH:4
end_of_record
